#
# There is insufficient memory for the Java Runtime Environment to continue.
# Native memory allocation (mmap) failed to map 203423744 bytes for G1 virtual space
# Possible reasons:
#   The system is out of physical RAM or swap space
#   The process is running with CompressedOops enabled, and the Java Heap may be blocking the growth of the native heap
# Possible solutions:
#   Reduce memory load on the system
#   Increase physical memory or swap space
#   Check if swap backing store is full
#   Decrease Java heap size (-Xmx/-Xms)
#   Decrease number of Java threads
#   Decrease Java thread stack sizes (-Xss)
#   Set larger code cache with -XX:ReservedCodeCacheSize=
#   JVM is running with Unscaled Compressed Oops mode in which the Java heap is
#     placed in the first 4GB address space. The Java Heap base address is the
#     maximum limit for the native heap growth. Please use -XX:HeapBaseMinAddress
#     to set the Java Heap base and to place the Java Heap above 4GB virtual address.
# This output file may be truncated or incomplete.
#
#  Out of Memory Error (os_windows.cpp:3528), pid=17896, tid=1304
#
# JRE version: Java(TM) SE Runtime Environment (20.0.1+9) (build 20.0.1+9-29)
# Java VM: Java HotSpot(TM) 64-Bit Server VM (20.0.1+9-29, mixed mode, sharing, tiered, compressed oops, compressed class ptrs, g1 gc, windows-amd64)
# No core dump will be written. Minidumps are not enabled by default on client versions of Windows
#

---------------  S U M M A R Y ------------

Command Line: -Xmx1024M -Xss1m C:\Users\91850\AppData\Local\Android\Sdk\build-tools\34.0.0\lib\apksigner.jar sign --verbose --ks C:/Program Files/Java/jdk-20/bin/debug.keystore --ks-pass pass:android --ks-key-alias androiddebugkey D:/GodotProjects/Android/GDC Shooter 2D.apk

Host: Intel(R) Core(TM) i5-10200H CPU @ 2.40GHz, 8 cores, 7G,  Windows 10 , 64 bit Build 19041 (10.0.19041.3570)
Time: Mon Dec  4 16:29:29 2023 India Standard Time elapsed time: 1.706579 seconds (0d 0h 0m 1s)

---------------  T H R E A D  ---------------

Current thread (0x000002ae1fd9ad90):  VMThread "VM Thread" [stack: 0x000000f38c100000,0x000000f38c200000] [id=1304]

Stack: [0x000000f38c100000,0x000000f38c200000]
Native frames: (J=compiled Java code, j=interpreted, Vv=VM code, C=native code)
V  [jvm.dll+0x6bb95a]
V  [jvm.dll+0x8485fa]
V  [jvm.dll+0x84a1f5]
V  [jvm.dll+0x84a8f3]
V  [jvm.dll+0x280b0f]
V  [jvm.dll+0x6b86e9]
V  [jvm.dll+0x6ad2da]
V  [jvm.dll+0x35adf5]
V  [jvm.dll+0x363016]
V  [jvm.dll+0x3b3b3e]
V  [jvm.dll+0x3b3dc5]
V  [jvm.dll+0x32b50a]
V  [jvm.dll+0x32b5b7]
V  [jvm.dll+0x373942]
V  [jvm.dll+0x372140]
V  [jvm.dll+0x32ac51]
V  [jvm.dll+0x371b58]
V  [jvm.dll+0x85023e]
V  [jvm.dll+0x851351]
V  [jvm.dll+0x851859]
V  [jvm.dll+0x851ad3]
V  [jvm.dll+0x7f4b56]
V  [jvm.dll+0x6ba5cb]
C  [ucrtbase.dll+0x21bb2]
C  [KERNEL32.DLL+0x17344]
C  [ntdll.dll+0x526b1]

VM_Operation (0x000000f38bbfe578): G1TryInitiateConcMark, mode: safepoint, requested by thread 0x000002ae049c9ae0


---------------  P R O C E S S  ---------------

Threads class SMR info:
_java_thread_list=0x000002ae2455c180, length=21, elements={
0x000002ae049c9ae0, 0x000002ae1fdbe330, 0x000002ae1fdbf130, 0x000002ae1fdc10f0,
0x000002ae1fdc4b50, 0x000002ae1fdc5c30, 0x000002ae1fdc8d20, 0x000002ae1fdcd630,
0x000002ae1fdce750, 0x000002ae240bb3b0, 0x000002ae240c5160, 0x000002ae2494c040,
0x000002ae24c90df0, 0x000002ae24e6c1b0, 0x000002ae24e691e0, 0x000002ae24e6c700,
0x000002ae24e69730, 0x000002ae24e69c80, 0x000002ae24e6bc60, 0x000002ae24e6a1d0,
0x000002ae24e6ac70
}

Java Threads: ( => current thread )
  0x000002ae049c9ae0 JavaThread "main" [_thread_blocked, id=15024, stack(0x000000f38bb00000,0x000000f38bc00000)]
  0x000002ae1fdbe330 JavaThread "Reference Handler" daemon [_thread_blocked, id=1340, stack(0x000000f38c200000,0x000000f38c300000)]
  0x000002ae1fdbf130 JavaThread "Finalizer" daemon [_thread_blocked, id=15216, stack(0x000000f38c300000,0x000000f38c400000)]
  0x000002ae1fdc10f0 JavaThread "Signal Dispatcher" daemon [_thread_blocked, id=11900, stack(0x000000f38c400000,0x000000f38c500000)]
  0x000002ae1fdc4b50 JavaThread "Attach Listener" daemon [_thread_blocked, id=7720, stack(0x000000f38c500000,0x000000f38c600000)]
  0x000002ae1fdc5c30 JavaThread "Service Thread" daemon [_thread_blocked, id=10160, stack(0x000000f38c600000,0x000000f38c700000)]
  0x000002ae1fdc8d20 JavaThread "Monitor Deflation Thread" daemon [_thread_blocked, id=8900, stack(0x000000f38c700000,0x000000f38c800000)]
  0x000002ae1fdcd630 JavaThread "C2 CompilerThread0" daemon [_thread_blocked, id=18868, stack(0x000000f38c800000,0x000000f38c900000)]
  0x000002ae1fdce750 JavaThread "C1 CompilerThread0" daemon [_thread_blocked, id=4772, stack(0x000000f38c900000,0x000000f38ca00000)]
  0x000002ae240bb3b0 JavaThread "Notification Thread" daemon [_thread_blocked, id=19420, stack(0x000000f38ca00000,0x000000f38cb00000)]
  0x000002ae240c5160 JavaThread "Common-Cleaner" daemon [_thread_blocked, id=584, stack(0x000000f38cc00000,0x000000f38cd00000)]
  0x000002ae2494c040 JavaThread "C2 CompilerThread1" daemon [_thread_blocked, id=19048, stack(0x000000f38d200000,0x000000f38d300000)]
  0x000002ae24c90df0 JavaThread "C2 CompilerThread2" daemon [_thread_blocked, id=13348, stack(0x000000f38d300000,0x000000f38d400000)]
  0x000002ae24e6c1b0 JavaThread "pool-3-thread-1" [_thread_blocked, id=17780, stack(0x000000f38d400000,0x000000f38d500000)]
  0x000002ae24e691e0 JavaThread "pool-3-thread-2" [_thread_blocked, id=7452, stack(0x000000f38d500000,0x000000f38d600000)]
  0x000002ae24e6c700 JavaThread "pool-3-thread-3" [_thread_blocked, id=11088, stack(0x000000f38d600000,0x000000f38d700000)]
  0x000002ae24e69730 JavaThread "pool-3-thread-4" [_thread_blocked, id=15440, stack(0x000000f38d700000,0x000000f38d800000)]
  0x000002ae24e69c80 JavaThread "pool-3-thread-5" [_thread_blocked, id=17772, stack(0x000000f38d800000,0x000000f38d900000)]
  0x000002ae24e6bc60 JavaThread "pool-3-thread-6" [_thread_blocked, id=13452, stack(0x000000f38d900000,0x000000f38da00000)]
  0x000002ae24e6a1d0 JavaThread "pool-3-thread-7" [_thread_blocked, id=15620, stack(0x000000f38da00000,0x000000f38db00000)]
  0x000002ae24e6ac70 JavaThread "pool-3-thread-8" [_thread_blocked, id=6416, stack(0x000000f38db00000,0x000000f38dc00000)]

Other Threads:
=>0x000002ae1fd9ad90 VMThread "VM Thread" [stack: 0x000000f38c100000,0x000000f38c200000] [id=1304]
  0x000002ae240be4c0 WatcherThread "VM Periodic Task Thread" [stack: 0x000000f38cb00000,0x000000f38cc00000] [id=9936]
  0x000002ae04a0f520 WorkerThread "GC Thread#0" [stack: 0x000000f38bc00000,0x000000f38bd00000] [id=15016]
  0x000002ae254e4260 WorkerThread "GC Thread#1" [stack: 0x000000f38cd00000,0x000000f38ce00000] [id=17636]
  0x000002ae24e05630 WorkerThread "GC Thread#2" [stack: 0x000000f38ce00000,0x000000f38cf00000] [id=19364]
  0x000002ae24614240 WorkerThread "GC Thread#3" [stack: 0x000000f38cf00000,0x000000f38d000000] [id=6040]
  0x000002ae25105c90 WorkerThread "GC Thread#4" [stack: 0x000000f38d000000,0x000000f38d100000] [id=1060]
  0x000002ae25107040 WorkerThread "GC Thread#5" [stack: 0x000000f38d100000,0x000000f38d200000] [id=14428]
  0x000002ae25106500 WorkerThread "GC Thread#6" [stack: 0x000000f38dc00000,0x000000f38dd00000] [id=1604]
  0x000002ae25106230 WorkerThread "GC Thread#7" [stack: 0x000000f38dd00000,0x000000f38de00000] [id=7724]
  0x000002ae04a185d0 ConcurrentGCThread "G1 Main Marker" [stack: 0x000000f38bd00000,0x000000f38be00000] [id=1056]
  0x000002ae04a197a0 WorkerThread "G1 Conc#0" [stack: 0x000000f38be00000,0x000000f38bf00000] [id=15852]
  0x000002ae1fc614a0 ConcurrentGCThread "G1 Refine#0" [stack: 0x000000f38bf00000,0x000000f38c000000] [id=15088]
  0x000002ae04a9bf10 ConcurrentGCThread "G1 Service" [stack: 0x000000f38c000000,0x000000f38c100000] [id=11712]

Threads with active compile tasks:
C2 CompilerThread1     1730 1275       4       com.android.apksig.internal.util.VerityTreeBuilder::saltedDigest (29 bytes)

VM state: at safepoint (normal execution)

VM Mutex/Monitor currently owned by a thread:  ([mutex/lock_event])
[0x000002ae049c47b0] Threads_lock - owner thread: 0x000002ae1fd9ad90
[0x000002ae049c48d0] Heap_lock - owner thread: 0x000002ae049c9ae0

Heap address: 0x00000000c0000000, size: 1024 MB, Compressed Oops mode: 32-bit

CDS archive(s) mapped at: [0x0000000800000000-0x0000000800c60000-0x0000000800c60000), size 12976128, SharedBaseAddress: 0x0000000800000000, ArchiveRelocationMode: 0.
Compressed class space mapped at: 0x0000000801000000-0x0000000841000000, reserved size: 1073741824
Narrow klass base: 0x0000000800000000, Narrow klass shift: 0, Narrow klass range: 0x100000000

GC Precious Log:
 CardTable entry size: 512
 Card Set container configuration: InlinePtr #cards 5 size 8 Array Of Cards #cards 12 size 40 Howl #buckets 4 coarsen threshold 1843 Howl Bitmap #cards 512 size 80 coarsen threshold 460 Card regions per heap region 1 cards per card region 2048
 CPUs: 8 total, 8 available
 Memory: 7967M
 Large Page Support: Disabled
 NUMA Support: Disabled
 Compressed Oops: Enabled (32-bit)
 Heap Region Size: 1M
 Heap Min Capacity: 8M
 Heap Initial Capacity: 126M
 Heap Max Capacity: 1G
 Pre-touch: Disabled
 Parallel Workers: 8
 Concurrent Workers: 2
 Concurrent Refinement Workers: 8
 Periodic GC: Disabled

Heap:
 garbage-first heap   total 236544K, used 25272K [0x00000000c0000000, 0x0000000100000000)
  region size 1024K, 4 young (4096K), 4 survivors (4096K)
 Metaspace       used 5519K, committed 5760K, reserved 1114112K
  class space    used 538K, committed 640K, reserved 1048576K

Heap Regions: E=young(eden), S=young(survivor), O=old, HS=humongous(starts), HC=humongous(continues), CS=collection set, F=free, OA=open archive, CA=closed archive, TAMS=top-at-mark-start, PB=parsable bottom
|   0|0x00000000c0000000, 0x00000000c0000000, 0x00000000c0100000|  0%| F|  |TAMS 0x00000000c0000000| PB 0x00000000c0000000| Untracked 
|   1|0x00000000c0100000, 0x00000000c0100000, 0x00000000c0200000|  0%| F|  |TAMS 0x00000000c0100000| PB 0x00000000c0100000| Untracked 
|   2|0x00000000c0200000, 0x00000000c0300000, 0x00000000c0300000|100%|HS|  |TAMS 0x00000000c0300000| PB 0x00000000c0200000| Complete 
|   3|0x00000000c0300000, 0x00000000c0300000, 0x00000000c0400000|  0%| F|  |TAMS 0x00000000c0300000| PB 0x00000000c0300000| Untracked 
|   4|0x00000000c0400000, 0x00000000c0400000, 0x00000000c0500000|  0%| F|  |TAMS 0x00000000c0400000| PB 0x00000000c0400000| Untracked 
|   5|0x00000000c0500000, 0x00000000c0500000, 0x00000000c0600000|  0%| F|  |TAMS 0x00000000c0500000| PB 0x00000000c0500000| Untracked 
|   6|0x00000000c0600000, 0x00000000c0600000, 0x00000000c0700000|  0%| F|  |TAMS 0x00000000c0600000| PB 0x00000000c0600000| Untracked 
|   7|0x00000000c0700000, 0x00000000c0700000, 0x00000000c0800000|  0%| F|  |TAMS 0x00000000c0700000| PB 0x00000000c0700000| Untracked 
|   8|0x00000000c0800000, 0x00000000c0800000, 0x00000000c0900000|  0%| F|  |TAMS 0x00000000c0800000| PB 0x00000000c0800000| Untracked 
|   9|0x00000000c0900000, 0x00000000c0900000, 0x00000000c0a00000|  0%| F|  |TAMS 0x00000000c0900000| PB 0x00000000c0900000| Untracked 
|  10|0x00000000c0a00000, 0x00000000c0a00000, 0x00000000c0b00000|  0%| F|  |TAMS 0x00000000c0a00000| PB 0x00000000c0a00000| Untracked 
|  11|0x00000000c0b00000, 0x00000000c0b00000, 0x00000000c0c00000|  0%| F|  |TAMS 0x00000000c0b00000| PB 0x00000000c0b00000| Untracked 
|  12|0x00000000c0c00000, 0x00000000c0c00000, 0x00000000c0d00000|  0%| F|  |TAMS 0x00000000c0c00000| PB 0x00000000c0c00000| Untracked 
|  13|0x00000000c0d00000, 0x00000000c0d00000, 0x00000000c0e00000|  0%| F|  |TAMS 0x00000000c0d00000| PB 0x00000000c0d00000| Untracked 
|  14|0x00000000c0e00000, 0x00000000c0e00000, 0x00000000c0f00000|  0%| F|  |TAMS 0x00000000c0e00000| PB 0x00000000c0e00000| Untracked 
|  15|0x00000000c0f00000, 0x00000000c0f00000, 0x00000000c1000000|  0%| F|  |TAMS 0x00000000c0f00000| PB 0x00000000c0f00000| Untracked 
|  16|0x00000000c1000000, 0x00000000c1000000, 0x00000000c1100000|  0%| F|  |TAMS 0x00000000c1000000| PB 0x00000000c1000000| Untracked 
|  17|0x00000000c1100000, 0x00000000c1100000, 0x00000000c1200000|  0%| F|  |TAMS 0x00000000c1100000| PB 0x00000000c1100000| Untracked 
|  18|0x00000000c1200000, 0x00000000c1200000, 0x00000000c1300000|  0%| F|  |TAMS 0x00000000c1200000| PB 0x00000000c1200000| Untracked 
|  19|0x00000000c1300000, 0x00000000c1300000, 0x00000000c1400000|  0%| F|  |TAMS 0x00000000c1300000| PB 0x00000000c1300000| Untracked 
|  20|0x00000000c1400000, 0x00000000c1400000, 0x00000000c1500000|  0%| F|  |TAMS 0x00000000c1400000| PB 0x00000000c1400000| Untracked 
|  21|0x00000000c1500000, 0x00000000c1500000, 0x00000000c1600000|  0%| F|  |TAMS 0x00000000c1500000| PB 0x00000000c1500000| Untracked 
|  22|0x00000000c1600000, 0x00000000c1600000, 0x00000000c1700000|  0%| F|  |TAMS 0x00000000c1600000| PB 0x00000000c1600000| Untracked 
|  23|0x00000000c1700000, 0x00000000c1700000, 0x00000000c1800000|  0%| F|  |TAMS 0x00000000c1700000| PB 0x00000000c1700000| Untracked 
|  24|0x00000000c1800000, 0x00000000c1800000, 0x00000000c1900000|  0%| F|  |TAMS 0x00000000c1800000| PB 0x00000000c1800000| Untracked 
|  25|0x00000000c1900000, 0x00000000c1900000, 0x00000000c1a00000|  0%| F|  |TAMS 0x00000000c1900000| PB 0x00000000c1900000| Untracked 
|  26|0x00000000c1a00000, 0x00000000c1a00000, 0x00000000c1b00000|  0%| F|  |TAMS 0x00000000c1a00000| PB 0x00000000c1a00000| Untracked 
|  27|0x00000000c1b00000, 0x00000000c1b00000, 0x00000000c1c00000|  0%| F|  |TAMS 0x00000000c1b00000| PB 0x00000000c1b00000| Untracked 
|  28|0x00000000c1c00000, 0x00000000c1c00000, 0x00000000c1d00000|  0%| F|  |TAMS 0x00000000c1c00000| PB 0x00000000c1c00000| Untracked 
|  29|0x00000000c1d00000, 0x00000000c1d00000, 0x00000000c1e00000|  0%| F|  |TAMS 0x00000000c1d00000| PB 0x00000000c1d00000| Untracked 
|  30|0x00000000c1e00000, 0x00000000c1e00000, 0x00000000c1f00000|  0%| F|  |TAMS 0x00000000c1e00000| PB 0x00000000c1e00000| Untracked 
|  31|0x00000000c1f00000, 0x00000000c1f00000, 0x00000000c2000000|  0%| F|  |TAMS 0x00000000c1f00000| PB 0x00000000c1f00000| Untracked 
|  32|0x00000000c2000000, 0x00000000c2000000, 0x00000000c2100000|  0%| F|  |TAMS 0x00000000c2000000| PB 0x00000000c2000000| Untracked 
|  33|0x00000000c2100000, 0x00000000c2100000, 0x00000000c2200000|  0%| F|  |TAMS 0x00000000c2100000| PB 0x00000000c2100000| Untracked 
|  34|0x00000000c2200000, 0x00000000c2200000, 0x00000000c2300000|  0%| F|  |TAMS 0x00000000c2200000| PB 0x00000000c2200000| Untracked 
|  35|0x00000000c2300000, 0x00000000c2300000, 0x00000000c2400000|  0%| F|  |TAMS 0x00000000c2300000| PB 0x00000000c2300000| Untracked 
|  36|0x00000000c2400000, 0x00000000c2400000, 0x00000000c2500000|  0%| F|  |TAMS 0x00000000c2400000| PB 0x00000000c2400000| Untracked 
|  37|0x00000000c2500000, 0x00000000c2500000, 0x00000000c2600000|  0%| F|  |TAMS 0x00000000c2500000| PB 0x00000000c2500000| Untracked 
|  38|0x00000000c2600000, 0x00000000c2600000, 0x00000000c2700000|  0%| F|  |TAMS 0x00000000c2600000| PB 0x00000000c2600000| Untracked 
|  39|0x00000000c2700000, 0x00000000c2700000, 0x00000000c2800000|  0%| F|  |TAMS 0x00000000c2700000| PB 0x00000000c2700000| Untracked 
|  40|0x00000000c2800000, 0x00000000c2800000, 0x00000000c2900000|  0%| F|  |TAMS 0x00000000c2800000| PB 0x00000000c2800000| Untracked 
|  41|0x00000000c2900000, 0x00000000c2900000, 0x00000000c2a00000|  0%| F|  |TAMS 0x00000000c2900000| PB 0x00000000c2900000| Untracked 
|  42|0x00000000c2a00000, 0x00000000c2a00000, 0x00000000c2b00000|  0%| F|  |TAMS 0x00000000c2a00000| PB 0x00000000c2a00000| Untracked 
|  43|0x00000000c2b00000, 0x00000000c2b00000, 0x00000000c2c00000|  0%| F|  |TAMS 0x00000000c2b00000| PB 0x00000000c2b00000| Untracked 
|  44|0x00000000c2c00000, 0x00000000c2c00000, 0x00000000c2d00000|  0%| F|  |TAMS 0x00000000c2c00000| PB 0x00000000c2c00000| Untracked 
|  45|0x00000000c2d00000, 0x00000000c2d00000, 0x00000000c2e00000|  0%| F|  |TAMS 0x00000000c2d00000| PB 0x00000000c2d00000| Untracked 
|  46|0x00000000c2e00000, 0x00000000c2e00000, 0x00000000c2f00000|  0%| F|  |TAMS 0x00000000c2e00000| PB 0x00000000c2e00000| Untracked 
|  47|0x00000000c2f00000, 0x00000000c2f00000, 0x00000000c3000000|  0%| F|  |TAMS 0x00000000c2f00000| PB 0x00000000c2f00000| Untracked 
|  48|0x00000000c3000000, 0x00000000c3000000, 0x00000000c3100000|  0%| F|  |TAMS 0x00000000c3000000| PB 0x00000000c3000000| Untracked 
|  49|0x00000000c3100000, 0x00000000c3100000, 0x00000000c3200000|  0%| F|  |TAMS 0x00000000c3100000| PB 0x00000000c3100000| Untracked 
|  50|0x00000000c3200000, 0x00000000c3200000, 0x00000000c3300000|  0%| F|  |TAMS 0x00000000c3200000| PB 0x00000000c3200000| Untracked 
|  51|0x00000000c3300000, 0x00000000c3300000, 0x00000000c3400000|  0%| F|  |TAMS 0x00000000c3300000| PB 0x00000000c3300000| Untracked 
|  52|0x00000000c3400000, 0x00000000c3400000, 0x00000000c3500000|  0%| F|  |TAMS 0x00000000c3400000| PB 0x00000000c3400000| Untracked 
|  53|0x00000000c3500000, 0x00000000c3500000, 0x00000000c3600000|  0%| F|  |TAMS 0x00000000c3500000| PB 0x00000000c3500000| Untracked 
|  54|0x00000000c3600000, 0x00000000c3600000, 0x00000000c3700000|  0%| F|  |TAMS 0x00000000c3600000| PB 0x00000000c3600000| Untracked 
|  55|0x00000000c3700000, 0x00000000c3700000, 0x00000000c3800000|  0%| F|  |TAMS 0x00000000c3700000| PB 0x00000000c3700000| Untracked 
|  56|0x00000000c3800000, 0x00000000c3800000, 0x00000000c3900000|  0%| F|  |TAMS 0x00000000c3800000| PB 0x00000000c3800000| Untracked 
|  57|0x00000000c3900000, 0x00000000c3900000, 0x00000000c3a00000|  0%| F|  |TAMS 0x00000000c3900000| PB 0x00000000c3900000| Untracked 
|  58|0x00000000c3a00000, 0x00000000c3a00000, 0x00000000c3b00000|  0%| F|  |TAMS 0x00000000c3a00000| PB 0x00000000c3a00000| Untracked 
|  59|0x00000000c3b00000, 0x00000000c3b00000, 0x00000000c3c00000|  0%| F|  |TAMS 0x00000000c3b00000| PB 0x00000000c3b00000| Untracked 
|  60|0x00000000c3c00000, 0x00000000c3c00000, 0x00000000c3d00000|  0%| F|  |TAMS 0x00000000c3c00000| PB 0x00000000c3c00000| Untracked 
|  61|0x00000000c3d00000, 0x00000000c3d00000, 0x00000000c3e00000|  0%| F|  |TAMS 0x00000000c3d00000| PB 0x00000000c3d00000| Untracked 
|  62|0x00000000c3e00000, 0x00000000c3e00000, 0x00000000c3f00000|  0%| F|  |TAMS 0x00000000c3e00000| PB 0x00000000c3e00000| Untracked 
|  63|0x00000000c3f00000, 0x00000000c4000000, 0x00000000c4000000|100%|HS|  |TAMS 0x00000000c4000000| PB 0x00000000c3f00000| Complete 
|  64|0x00000000c4000000, 0x00000000c4100000, 0x00000000c4100000|100%|HC|  |TAMS 0x00000000c4100000| PB 0x00000000c4000000| Complete 
|  65|0x00000000c4100000, 0x00000000c4200000, 0x00000000c4200000|100%|HC|  |TAMS 0x00000000c4200000| PB 0x00000000c4100000| Complete 
|  66|0x00000000c4200000, 0x00000000c4300000, 0x00000000c4300000|100%|HC|  |TAMS 0x00000000c4300000| PB 0x00000000c4200000| Complete 
|  67|0x00000000c4300000, 0x00000000c4400000, 0x00000000c4400000|100%|HC|  |TAMS 0x00000000c4400000| PB 0x00000000c4300000| Complete 
|  68|0x00000000c4400000, 0x00000000c4400000, 0x00000000c4500000|  0%| F|  |TAMS 0x00000000c4400000| PB 0x00000000c4400000| Untracked 
|  69|0x00000000c4500000, 0x00000000c4500000, 0x00000000c4600000|  0%| F|  |TAMS 0x00000000c4500000| PB 0x00000000c4500000| Untracked 
|  70|0x00000000c4600000, 0x00000000c4600000, 0x00000000c4700000|  0%| F|  |TAMS 0x00000000c4600000| PB 0x00000000c4600000| Untracked 
|  71|0x00000000c4700000, 0x00000000c4700000, 0x00000000c4800000|  0%| F|  |TAMS 0x00000000c4700000| PB 0x00000000c4700000| Untracked 
|  72|0x00000000c4800000, 0x00000000c4800000, 0x00000000c4900000|  0%| F|  |TAMS 0x00000000c4800000| PB 0x00000000c4800000| Untracked 
|  73|0x00000000c4900000, 0x00000000c4900000, 0x00000000c4a00000|  0%| F|  |TAMS 0x00000000c4900000| PB 0x00000000c4900000| Untracked 
|  74|0x00000000c4a00000, 0x00000000c4a00000, 0x00000000c4b00000|  0%| F|  |TAMS 0x00000000c4a00000| PB 0x00000000c4a00000| Untracked 
|  75|0x00000000c4b00000, 0x00000000c4b00000, 0x00000000c4c00000|  0%| F|  |TAMS 0x00000000c4b00000| PB 0x00000000c4b00000| Untracked 
|  76|0x00000000c4c00000, 0x00000000c4c00000, 0x00000000c4d00000|  0%| F|  |TAMS 0x00000000c4c00000| PB 0x00000000c4c00000| Untracked 
|  77|0x00000000c4d00000, 0x00000000c4d00000, 0x00000000c4e00000|  0%| F|  |TAMS 0x00000000c4d00000| PB 0x00000000c4d00000| Untracked 
|  78|0x00000000c4e00000, 0x00000000c4e00000, 0x00000000c4f00000|  0%| F|  |TAMS 0x00000000c4e00000| PB 0x00000000c4e00000| Untracked 
|  79|0x00000000c4f00000, 0x00000000c4f00000, 0x00000000c5000000|  0%| F|  |TAMS 0x00000000c4f00000| PB 0x00000000c4f00000| Untracked 
|  80|0x00000000c5000000, 0x00000000c5000000, 0x00000000c5100000|  0%| F|  |TAMS 0x00000000c5000000| PB 0x00000000c5000000| Untracked 
|  81|0x00000000c5100000, 0x00000000c5100000, 0x00000000c5200000|  0%| F|  |TAMS 0x00000000c5100000| PB 0x00000000c5100000| Untracked 
|  82|0x00000000c5200000, 0x00000000c5200000, 0x00000000c5300000|  0%| F|  |TAMS 0x00000000c5200000| PB 0x00000000c5200000| Untracked 
|  83|0x00000000c5300000, 0x00000000c5300000, 0x00000000c5400000|  0%| F|  |TAMS 0x00000000c5300000| PB 0x00000000c5300000| Untracked 
|  84|0x00000000c5400000, 0x00000000c5400000, 0x00000000c5500000|  0%| F|  |TAMS 0x00000000c5400000| PB 0x00000000c5400000| Untracked 
|  85|0x00000000c5500000, 0x00000000c5500000, 0x00000000c5600000|  0%| F|  |TAMS 0x00000000c5500000| PB 0x00000000c5500000| Untracked 
|  86|0x00000000c5600000, 0x00000000c5600000, 0x00000000c5700000|  0%| F|  |TAMS 0x00000000c5600000| PB 0x00000000c5600000| Untracked 
|  87|0x00000000c5700000, 0x00000000c5700000, 0x00000000c5800000|  0%| F|  |TAMS 0x00000000c5700000| PB 0x00000000c5700000| Untracked 
|  88|0x00000000c5800000, 0x00000000c5800000, 0x00000000c5900000|  0%| F|  |TAMS 0x00000000c5800000| PB 0x00000000c5800000| Untracked 
|  89|0x00000000c5900000, 0x00000000c5900000, 0x00000000c5a00000|  0%| F|  |TAMS 0x00000000c5900000| PB 0x00000000c5900000| Untracked 
|  90|0x00000000c5a00000, 0x00000000c5b00000, 0x00000000c5b00000|100%|HS|  |TAMS 0x00000000c5b00000| PB 0x00000000c5a00000| Complete 
|  91|0x00000000c5b00000, 0x00000000c5c00000, 0x00000000c5c00000|100%|HC|  |TAMS 0x00000000c5c00000| PB 0x00000000c5b00000| Complete 
|  92|0x00000000c5c00000, 0x00000000c5d00000, 0x00000000c5d00000|100%|HC|  |TAMS 0x00000000c5d00000| PB 0x00000000c5c00000| Complete 
|  93|0x00000000c5d00000, 0x00000000c5e00000, 0x00000000c5e00000|100%|HC|  |TAMS 0x00000000c5e00000| PB 0x00000000c5d00000| Complete 
|  94|0x00000000c5e00000, 0x00000000c5f00000, 0x00000000c5f00000|100%|HC|  |TAMS 0x00000000c5f00000| PB 0x00000000c5e00000| Complete 
|  95|0x00000000c5f00000, 0x00000000c6000000, 0x00000000c6000000|100%|HS|  |TAMS 0x00000000c6000000| PB 0x00000000c5f00000| Complete 
|  96|0x00000000c6000000, 0x00000000c6100000, 0x00000000c6100000|100%|HC|  |TAMS 0x00000000c6100000| PB 0x00000000c6000000| Complete 
|  97|0x00000000c6100000, 0x00000000c6200000, 0x00000000c6200000|100%|HC|  |TAMS 0x00000000c6200000| PB 0x00000000c6100000| Complete 
|  98|0x00000000c6200000, 0x00000000c6300000, 0x00000000c6300000|100%|HC|  |TAMS 0x00000000c6300000| PB 0x00000000c6200000| Complete 
|  99|0x00000000c6300000, 0x00000000c6400000, 0x00000000c6400000|100%|HC|  |TAMS 0x00000000c6400000| PB 0x00000000c6300000| Complete 
| 100|0x00000000c6400000, 0x00000000c6500000, 0x00000000c6500000|100%|HS|  |TAMS 0x00000000c6500000| PB 0x00000000c6400000| Complete 
| 101|0x00000000c6500000, 0x00000000c6600000, 0x00000000c6600000|100%|HC|  |TAMS 0x00000000c6600000| PB 0x00000000c6500000| Complete 
| 102|0x00000000c6600000, 0x00000000c6700000, 0x00000000c6700000|100%|HC|  |TAMS 0x00000000c6700000| PB 0x00000000c6600000| Complete 
| 103|0x00000000c6700000, 0x00000000c6800000, 0x00000000c6800000|100%|HC|  |TAMS 0x00000000c6800000| PB 0x00000000c6700000| Complete 
| 104|0x00000000c6800000, 0x00000000c6900000, 0x00000000c6900000|100%|HC|  |TAMS 0x00000000c6900000| PB 0x00000000c6800000| Complete 
| 105|0x00000000c6900000, 0x00000000c6900000, 0x00000000c6a00000|  0%| F|  |TAMS 0x00000000c6900000| PB 0x00000000c6900000| Untracked 
| 106|0x00000000c6a00000, 0x00000000c6a00000, 0x00000000c6b00000|  0%| F|  |TAMS 0x00000000c6a00000| PB 0x00000000c6a00000| Untracked 
| 107|0x00000000c6b00000, 0x00000000c6b00000, 0x00000000c6c00000|  0%| F|  |TAMS 0x00000000c6b00000| PB 0x00000000c6b00000| Untracked 
| 108|0x00000000c6c00000, 0x00000000c6c00000, 0x00000000c6d00000|  0%| F|  |TAMS 0x00000000c6c00000| PB 0x00000000c6c00000| Untracked 
| 109|0x00000000c6d00000, 0x00000000c6d00000, 0x00000000c6e00000|  0%| F|  |TAMS 0x00000000c6d00000| PB 0x00000000c6d00000| Untracked 
| 110|0x00000000c6e00000, 0x00000000c6e00000, 0x00000000c6f00000|  0%| F|  |TAMS 0x00000000c6e00000| PB 0x00000000c6e00000| Untracked 
| 111|0x00000000c6f00000, 0x00000000c6f00000, 0x00000000c7000000|  0%| F|  |TAMS 0x00000000c6f00000| PB 0x00000000c6f00000| Untracked 
| 112|0x00000000c7000000, 0x00000000c7000000, 0x00000000c7100000|  0%| F|  |TAMS 0x00000000c7000000| PB 0x00000000c7000000| Untracked 
| 113|0x00000000c7100000, 0x00000000c7100000, 0x00000000c7200000|  0%| F|  |TAMS 0x00000000c7100000| PB 0x00000000c7100000| Untracked 
| 114|0x00000000c7200000, 0x00000000c7200000, 0x00000000c7300000|  0%| F|  |TAMS 0x00000000c7200000| PB 0x00000000c7200000| Untracked 
| 115|0x00000000c7300000, 0x00000000c7300000, 0x00000000c7400000|  0%| F|  |TAMS 0x00000000c7300000| PB 0x00000000c7300000| Untracked 
| 116|0x00000000c7400000, 0x00000000c7400000, 0x00000000c7500000|  0%| F|  |TAMS 0x00000000c7400000| PB 0x00000000c7400000| Untracked 
| 117|0x00000000c7500000, 0x00000000c7500000, 0x00000000c7600000|  0%| F|  |TAMS 0x00000000c7500000| PB 0x00000000c7500000| Untracked 
| 118|0x00000000c7600000, 0x00000000c7600000, 0x00000000c7700000|  0%| F|  |TAMS 0x00000000c7600000| PB 0x00000000c7600000| Untracked 
| 119|0x00000000c7700000, 0x00000000c7700000, 0x00000000c7800000|  0%| F|  |TAMS 0x00000000c7700000| PB 0x00000000c7700000| Untracked 
| 120|0x00000000c7800000, 0x00000000c7800000, 0x00000000c7900000|  0%| F|  |TAMS 0x00000000c7800000| PB 0x00000000c7800000| Untracked 
| 121|0x00000000c7900000, 0x00000000c7900000, 0x00000000c7a00000|  0%| F|  |TAMS 0x00000000c7900000| PB 0x00000000c7900000| Untracked 
| 122|0x00000000c7a00000, 0x00000000c7a00000, 0x00000000c7b00000|  0%| F|  |TAMS 0x00000000c7a00000| PB 0x00000000c7a00000| Untracked 
| 123|0x00000000c7b00000, 0x00000000c7b00000, 0x00000000c7c00000|  0%| F|  |TAMS 0x00000000c7b00000| PB 0x00000000c7b00000| Untracked 
| 124|0x00000000c7c00000, 0x00000000c7c00000, 0x00000000c7d00000|  0%| F|  |TAMS 0x00000000c7c00000| PB 0x00000000c7c00000| Untracked 
| 125|0x00000000c7d00000, 0x00000000c7d00000, 0x00000000c7e00000|  0%| F|  |TAMS 0x00000000c7d00000| PB 0x00000000c7d00000| Untracked 
| 126|0x00000000c7e00000, 0x00000000c7e00000, 0x00000000c7f00000|  0%| F|  |TAMS 0x00000000c7e00000| PB 0x00000000c7e00000| Untracked 
| 127|0x00000000c7f00000, 0x00000000c7f00000, 0x00000000c8000000|  0%| F|  |TAMS 0x00000000c7f00000| PB 0x00000000c7f00000| Untracked 
| 128|0x00000000c8000000, 0x00000000c8000000, 0x00000000c8100000|  0%| F|  |TAMS 0x00000000c8000000| PB 0x00000000c8000000| Untracked 
| 129|0x00000000c8100000, 0x00000000c8100000, 0x00000000c8200000|  0%| F|  |TAMS 0x00000000c8100000| PB 0x00000000c8100000| Untracked 
| 130|0x00000000c8200000, 0x00000000c8200000, 0x00000000c8300000|  0%| F|  |TAMS 0x00000000c8200000| PB 0x00000000c8200000| Untracked 
| 131|0x00000000c8300000, 0x00000000c8300000, 0x00000000c8400000|  0%| F|  |TAMS 0x00000000c8300000| PB 0x00000000c8300000| Untracked 
| 132|0x00000000c8400000, 0x00000000c8400000, 0x00000000c8500000|  0%| F|  |TAMS 0x00000000c8400000| PB 0x00000000c8400000| Untracked 
| 133|0x00000000c8500000, 0x00000000c8500000, 0x00000000c8600000|  0%| F|  |TAMS 0x00000000c8500000| PB 0x00000000c8500000| Untracked 
| 134|0x00000000c8600000, 0x00000000c8600000, 0x00000000c8700000|  0%| F|  |TAMS 0x00000000c8600000| PB 0x00000000c8600000| Untracked 
| 135|0x00000000c8700000, 0x00000000c8700000, 0x00000000c8800000|  0%| F|  |TAMS 0x00000000c8700000| PB 0x00000000c8700000| Untracked 
| 136|0x00000000c8800000, 0x00000000c8800000, 0x00000000c8900000|  0%| F|  |TAMS 0x00000000c8800000| PB 0x00000000c8800000| Untracked 
| 137|0x00000000c8900000, 0x00000000c8900000, 0x00000000c8a00000|  0%| F|  |TAMS 0x00000000c8900000| PB 0x00000000c8900000| Untracked 
| 138|0x00000000c8a00000, 0x00000000c8a00000, 0x00000000c8b00000|  0%| F|  |TAMS 0x00000000c8a00000| PB 0x00000000c8a00000| Untracked 
| 139|0x00000000c8b00000, 0x00000000c8b00000, 0x00000000c8c00000|  0%| F|  |TAMS 0x00000000c8b00000| PB 0x00000000c8b00000| Untracked 
| 140|0x00000000c8c00000, 0x00000000c8c00000, 0x00000000c8d00000|  0%| F|  |TAMS 0x00000000c8c00000| PB 0x00000000c8c00000| Untracked 
| 141|0x00000000c8d00000, 0x00000000c8d00000, 0x00000000c8e00000|  0%| F|  |TAMS 0x00000000c8d00000| PB 0x00000000c8d00000| Untracked 
| 142|0x00000000c8e00000, 0x00000000c8e00000, 0x00000000c8f00000|  0%| F|  |TAMS 0x00000000c8e00000| PB 0x00000000c8e00000| Untracked 
| 143|0x00000000c8f00000, 0x00000000c8f00000, 0x00000000c9000000|  0%| F|  |TAMS 0x00000000c8f00000| PB 0x00000000c8f00000| Untracked 
| 144|0x00000000c9000000, 0x00000000c9000000, 0x00000000c9100000|  0%| F|  |TAMS 0x00000000c9000000| PB 0x00000000c9000000| Untracked 
| 145|0x00000000c9100000, 0x00000000c9100000, 0x00000000c9200000|  0%| F|  |TAMS 0x00000000c9100000| PB 0x00000000c9100000| Untracked 
| 146|0x00000000c9200000, 0x00000000c9200000, 0x00000000c9300000|  0%| F|  |TAMS 0x00000000c9200000| PB 0x00000000c9200000| Untracked 
| 147|0x00000000c9300000, 0x00000000c9300000, 0x00000000c9400000|  0%| F|  |TAMS 0x00000000c9300000| PB 0x00000000c9300000| Untracked 
| 148|0x00000000c9400000, 0x00000000c9400000, 0x00000000c9500000|  0%| F|  |TAMS 0x00000000c9400000| PB 0x00000000c9400000| Untracked 
| 149|0x00000000c9500000, 0x00000000c9500000, 0x00000000c9600000|  0%| F|  |TAMS 0x00000000c9500000| PB 0x00000000c9500000| Untracked 
| 150|0x00000000c9600000, 0x00000000c9600000, 0x00000000c9700000|  0%| F|  |TAMS 0x00000000c9600000| PB 0x00000000c9600000| Untracked 
| 151|0x00000000c9700000, 0x00000000c9700000, 0x00000000c9800000|  0%| F|  |TAMS 0x00000000c9700000| PB 0x00000000c9700000| Untracked 
| 152|0x00000000c9800000, 0x00000000c9800000, 0x00000000c9900000|  0%| F|  |TAMS 0x00000000c9800000| PB 0x00000000c9800000| Untracked 
| 153|0x00000000c9900000, 0x00000000c9900000, 0x00000000c9a00000|  0%| F|  |TAMS 0x00000000c9900000| PB 0x00000000c9900000| Untracked 
| 154|0x00000000c9a00000, 0x00000000c9a00000, 0x00000000c9b00000|  0%| F|  |TAMS 0x00000000c9a00000| PB 0x00000000c9a00000| Untracked 
| 155|0x00000000c9b00000, 0x00000000c9b00000, 0x00000000c9c00000|  0%| F|  |TAMS 0x00000000c9b00000| PB 0x00000000c9b00000| Untracked 
| 156|0x00000000c9c00000, 0x00000000c9c00000, 0x00000000c9d00000|  0%| F|  |TAMS 0x00000000c9c00000| PB 0x00000000c9c00000| Untracked 
| 157|0x00000000c9d00000, 0x00000000c9d00000, 0x00000000c9e00000|  0%| F|  |TAMS 0x00000000c9d00000| PB 0x00000000c9d00000| Untracked 
| 158|0x00000000c9e00000, 0x00000000c9e00000, 0x00000000c9f00000|  0%| F|  |TAMS 0x00000000c9e00000| PB 0x00000000c9e00000| Untracked 
| 159|0x00000000c9f00000, 0x00000000c9f00000, 0x00000000ca000000|  0%| F|  |TAMS 0x00000000c9f00000| PB 0x00000000c9f00000| Untracked 
| 160|0x00000000ca000000, 0x00000000ca000000, 0x00000000ca100000|  0%| F|  |TAMS 0x00000000ca000000| PB 0x00000000ca000000| Untracked 
| 161|0x00000000ca100000, 0x00000000ca100000, 0x00000000ca200000|  0%| F|  |TAMS 0x00000000ca100000| PB 0x00000000ca100000| Untracked 
| 162|0x00000000ca200000, 0x00000000ca200000, 0x00000000ca300000|  0%| F|  |TAMS 0x00000000ca200000| PB 0x00000000ca200000| Untracked 
| 163|0x00000000ca300000, 0x00000000ca300000, 0x00000000ca400000|  0%| F|  |TAMS 0x00000000ca300000| PB 0x00000000ca300000| Untracked 
| 164|0x00000000ca400000, 0x00000000ca400000, 0x00000000ca500000|  0%| F|  |TAMS 0x00000000ca400000| PB 0x00000000ca400000| Untracked 
| 165|0x00000000ca500000, 0x00000000ca500000, 0x00000000ca600000|  0%| F|  |TAMS 0x00000000ca500000| PB 0x00000000ca500000| Untracked 
| 166|0x00000000ca600000, 0x00000000ca600000, 0x00000000ca700000|  0%| F|  |TAMS 0x00000000ca600000| PB 0x00000000ca600000| Untracked 
| 167|0x00000000ca700000, 0x00000000ca700000, 0x00000000ca800000|  0%| F|  |TAMS 0x00000000ca700000| PB 0x00000000ca700000| Untracked 
| 168|0x00000000ca800000, 0x00000000ca800000, 0x00000000ca900000|  0%| F|  |TAMS 0x00000000ca800000| PB 0x00000000ca800000| Untracked 
| 169|0x00000000ca900000, 0x00000000ca900000, 0x00000000caa00000|  0%| F|  |TAMS 0x00000000ca900000| PB 0x00000000ca900000| Untracked 
| 170|0x00000000caa00000, 0x00000000caa00000, 0x00000000cab00000|  0%| F|  |TAMS 0x00000000caa00000| PB 0x00000000caa00000| Untracked 
| 171|0x00000000cab00000, 0x00000000cab00000, 0x00000000cac00000|  0%| F|  |TAMS 0x00000000cab00000| PB 0x00000000cab00000| Untracked 
| 172|0x00000000cac00000, 0x00000000cac00000, 0x00000000cad00000|  0%| F|  |TAMS 0x00000000cac00000| PB 0x00000000cac00000| Untracked 
| 173|0x00000000cad00000, 0x00000000cad00000, 0x00000000cae00000|  0%| F|  |TAMS 0x00000000cad00000| PB 0x00000000cad00000| Untracked 
| 174|0x00000000cae00000, 0x00000000cae00000, 0x00000000caf00000|  0%| F|  |TAMS 0x00000000cae00000| PB 0x00000000cae00000| Untracked 
| 175|0x00000000caf00000, 0x00000000caf00000, 0x00000000cb000000|  0%| F|  |TAMS 0x00000000caf00000| PB 0x00000000caf00000| Untracked 
| 176|0x00000000cb000000, 0x00000000cb000000, 0x00000000cb100000|  0%| F|  |TAMS 0x00000000cb000000| PB 0x00000000cb000000| Untracked 
| 177|0x00000000cb100000, 0x00000000cb100000, 0x00000000cb200000|  0%| F|  |TAMS 0x00000000cb100000| PB 0x00000000cb100000| Untracked 
| 178|0x00000000cb200000, 0x00000000cb200000, 0x00000000cb300000|  0%| F|  |TAMS 0x00000000cb200000| PB 0x00000000cb200000| Untracked 
| 179|0x00000000cb300000, 0x00000000cb300000, 0x00000000cb400000|  0%| F|  |TAMS 0x00000000cb300000| PB 0x00000000cb300000| Untracked 
| 180|0x00000000cb400000, 0x00000000cb400000, 0x00000000cb500000|  0%| F|  |TAMS 0x00000000cb400000| PB 0x00000000cb400000| Untracked 
| 181|0x00000000cb500000, 0x00000000cb500000, 0x00000000cb600000|  0%| F|  |TAMS 0x00000000cb500000| PB 0x00000000cb500000| Untracked 
| 182|0x00000000cb600000, 0x00000000cb600000, 0x00000000cb700000|  0%| F|  |TAMS 0x00000000cb600000| PB 0x00000000cb600000| Untracked 
| 183|0x00000000cb700000, 0x00000000cb700000, 0x00000000cb800000|  0%| F|  |TAMS 0x00000000cb700000| PB 0x00000000cb700000| Untracked 
| 184|0x00000000cb800000, 0x00000000cb800000, 0x00000000cb900000|  0%| F|  |TAMS 0x00000000cb800000| PB 0x00000000cb800000| Untracked 
| 185|0x00000000cb900000, 0x00000000cb900000, 0x00000000cba00000|  0%| F|  |TAMS 0x00000000cb900000| PB 0x00000000cb900000| Untracked 
| 186|0x00000000cba00000, 0x00000000cba00000, 0x00000000cbb00000|  0%| F|  |TAMS 0x00000000cba00000| PB 0x00000000cba00000| Untracked 
| 187|0x00000000cbb00000, 0x00000000cbb00000, 0x00000000cbc00000|  0%| F|  |TAMS 0x00000000cbb00000| PB 0x00000000cbb00000| Untracked 
| 188|0x00000000cbc00000, 0x00000000cbc00000, 0x00000000cbd00000|  0%| F|  |TAMS 0x00000000cbc00000| PB 0x00000000cbc00000| Untracked 
| 189|0x00000000cbd00000, 0x00000000cbd00000, 0x00000000cbe00000|  0%| F|  |TAMS 0x00000000cbd00000| PB 0x00000000cbd00000| Untracked 
| 190|0x00000000cbe00000, 0x00000000cbe00000, 0x00000000cbf00000|  0%| F|  |TAMS 0x00000000cbe00000| PB 0x00000000cbe00000| Untracked 
| 191|0x00000000cbf00000, 0x00000000cbf00000, 0x00000000cc000000|  0%| F|  |TAMS 0x00000000cbf00000| PB 0x00000000cbf00000| Untracked 
| 192|0x00000000cc000000, 0x00000000cc000000, 0x00000000cc100000|  0%| F|  |TAMS 0x00000000cc000000| PB 0x00000000cc000000| Untracked 
| 193|0x00000000cc100000, 0x00000000cc100000, 0x00000000cc200000|  0%| F|  |TAMS 0x00000000cc100000| PB 0x00000000cc100000| Untracked 
| 194|0x00000000cc200000, 0x00000000cc200000, 0x00000000cc300000|  0%| F|  |TAMS 0x00000000cc200000| PB 0x00000000cc200000| Untracked 
| 195|0x00000000cc300000, 0x00000000cc300000, 0x00000000cc400000|  0%| F|  |TAMS 0x00000000cc300000| PB 0x00000000cc300000| Untracked 
| 196|0x00000000cc400000, 0x00000000cc400000, 0x00000000cc500000|  0%| F|  |TAMS 0x00000000cc400000| PB 0x00000000cc400000| Untracked 
| 197|0x00000000cc500000, 0x00000000cc500000, 0x00000000cc600000|  0%| F|  |TAMS 0x00000000cc500000| PB 0x00000000cc500000| Untracked 
| 198|0x00000000cc600000, 0x00000000cc600000, 0x00000000cc700000|  0%| F|  |TAMS 0x00000000cc600000| PB 0x00000000cc600000| Untracked 
| 199|0x00000000cc700000, 0x00000000cc700000, 0x00000000cc800000|  0%| F|  |TAMS 0x00000000cc700000| PB 0x00000000cc700000| Untracked 
| 200|0x00000000cc800000, 0x00000000cc800000, 0x00000000cc900000|  0%| F|  |TAMS 0x00000000cc800000| PB 0x00000000cc800000| Untracked 
| 201|0x00000000cc900000, 0x00000000cc900000, 0x00000000cca00000|  0%| F|  |TAMS 0x00000000cc900000| PB 0x00000000cc900000| Untracked 
| 202|0x00000000cca00000, 0x00000000cca00000, 0x00000000ccb00000|  0%| F|  |TAMS 0x00000000cca00000| PB 0x00000000cca00000| Untracked 
| 203|0x00000000ccb00000, 0x00000000ccb00000, 0x00000000ccc00000|  0%| F|  |TAMS 0x00000000ccb00000| PB 0x00000000ccb00000| Untracked 
| 204|0x00000000ccc00000, 0x00000000ccc00000, 0x00000000ccd00000|  0%| F|  |TAMS 0x00000000ccc00000| PB 0x00000000ccc00000| Untracked 
| 205|0x00000000ccd00000, 0x00000000ccd00000, 0x00000000cce00000|  0%| F|  |TAMS 0x00000000ccd00000| PB 0x00000000ccd00000| Untracked 
| 206|0x00000000cce00000, 0x00000000cce00000, 0x00000000ccf00000|  0%| F|  |TAMS 0x00000000cce00000| PB 0x00000000cce00000| Untracked 
| 207|0x00000000ccf00000, 0x00000000ccf00000, 0x00000000cd000000|  0%| F|  |TAMS 0x00000000ccf00000| PB 0x00000000ccf00000| Untracked 
| 208|0x00000000cd000000, 0x00000000cd000000, 0x00000000cd100000|  0%| F|  |TAMS 0x00000000cd000000| PB 0x00000000cd000000| Untracked 
| 209|0x00000000cd100000, 0x00000000cd100000, 0x00000000cd200000|  0%| F|  |TAMS 0x00000000cd100000| PB 0x00000000cd100000| Untracked 
| 210|0x00000000cd200000, 0x00000000cd200000, 0x00000000cd300000|  0%| F|  |TAMS 0x00000000cd200000| PB 0x00000000cd200000| Untracked 
| 211|0x00000000cd300000, 0x00000000cd300000, 0x00000000cd400000|  0%| F|  |TAMS 0x00000000cd300000| PB 0x00000000cd300000| Untracked 
| 212|0x00000000cd400000, 0x00000000cd400000, 0x00000000cd500000|  0%| F|  |TAMS 0x00000000cd400000| PB 0x00000000cd400000| Untracked 
| 213|0x00000000cd500000, 0x00000000cd500000, 0x00000000cd600000|  0%| F|  |TAMS 0x00000000cd500000| PB 0x00000000cd500000| Untracked 
| 214|0x00000000cd600000, 0x00000000cd600000, 0x00000000cd700000|  0%| F|  |TAMS 0x00000000cd600000| PB 0x00000000cd600000| Untracked 
| 215|0x00000000cd700000, 0x00000000cd700000, 0x00000000cd800000|  0%| F|  |TAMS 0x00000000cd700000| PB 0x00000000cd700000| Untracked 
| 216|0x00000000cd800000, 0x00000000cd800000, 0x00000000cd900000|  0%| F|  |TAMS 0x00000000cd800000| PB 0x00000000cd800000| Untracked 
| 217|0x00000000cd900000, 0x00000000cd9ae2e0, 0x00000000cda00000| 68%| S|CS|TAMS 0x00000000cd900000| PB 0x00000000cd900000| Complete 
| 218|0x00000000cda00000, 0x00000000cdb00000, 0x00000000cdb00000|100%| S|CS|TAMS 0x00000000cda00000| PB 0x00000000cda00000| Complete 
| 219|0x00000000cdb00000, 0x00000000cdc00000, 0x00000000cdc00000|100%| S|CS|TAMS 0x00000000cdb00000| PB 0x00000000cdb00000| Complete 
| 220|0x00000000cdc00000, 0x00000000cdd00000, 0x00000000cdd00000|100%| S|CS|TAMS 0x00000000cdc00000| PB 0x00000000cdc00000| Complete 
| 221|0x00000000cdd00000, 0x00000000cdd00000, 0x00000000cde00000|  0%| F|  |TAMS 0x00000000cdd00000| PB 0x00000000cdd00000| Untracked 
| 222|0x00000000cde00000, 0x00000000cde00000, 0x00000000cdf00000|  0%| F|  |TAMS 0x00000000cde00000| PB 0x00000000cde00000| Untracked 
| 223|0x00000000cdf00000, 0x00000000cdf00000, 0x00000000ce000000|  0%| F|  |TAMS 0x00000000cdf00000| PB 0x00000000cdf00000| Untracked 
| 224|0x00000000ce000000, 0x00000000ce000000, 0x00000000ce100000|  0%| F|  |TAMS 0x00000000ce000000| PB 0x00000000ce000000| Untracked 
| 225|0x00000000ce100000, 0x00000000ce100000, 0x00000000ce200000|  0%| F|  |TAMS 0x00000000ce100000| PB 0x00000000ce100000| Untracked 
| 226|0x00000000ce200000, 0x00000000ce200000, 0x00000000ce300000|  0%| F|  |TAMS 0x00000000ce200000| PB 0x00000000ce200000| Untracked 
| 227|0x00000000ce300000, 0x00000000ce300000, 0x00000000ce400000|  0%| F|  |TAMS 0x00000000ce300000| PB 0x00000000ce300000| Untracked 
| 228|0x00000000ce400000, 0x00000000ce400000, 0x00000000ce500000|  0%| F|  |TAMS 0x00000000ce400000| PB 0x00000000ce400000| Untracked 
| 229|0x00000000ce500000, 0x00000000ce500000, 0x00000000ce600000|  0%| F|  |TAMS 0x00000000ce500000| PB 0x00000000ce500000| Untracked 
| 230|0x00000000ce600000, 0x00000000ce600000, 0x00000000ce700000|  0%| F|  |TAMS 0x00000000ce600000| PB 0x00000000ce600000| Untracked 

Card table byte_map: [0x000002ae1bfc0000,0x000002ae1c1c0000] _byte_map_base: 0x000002ae1b9c0000

Marking Bits: (CMBitMap*) 0x000002ae04a0fb50
 Bits: [0x000002ae1c3c0000, 0x000002ae1d3c0000)

Polling page: 0x000002ae02970000

Metaspace:

Usage:
  Non-class:      4.86 MB used.
      Class:    538.26 KB used.
       Both:      5.39 MB used.

Virtual space:
  Non-class space:       64.00 MB reserved,       5.00 MB (  8%) committed,  1 nodes.
      Class space:        1.00 GB reserved,     640.00 KB ( <1%) committed,  1 nodes.
             Both:        1.06 GB reserved,       5.62 MB ( <1%) committed. 

Chunk freelists:
   Non-Class:  2.79 MB
       Class:  3.19 MB
        Both:  5.98 MB

MaxMetaspaceSize: unlimited
CompressedClassSpaceSize: 1.00 GB
Initial GC threshold: 21.00 MB
Current GC threshold: 21.00 MB
CDS: on
MetaspaceReclaimPolicy: balanced
 - commit_granule_bytes: 65536.
 - commit_granule_words: 8192.
 - virtual_space_node_default_size: 8388608.
 - enlarge_chunks_in_place: 1.
 - new_chunks_are_fully_committed: 0.
 - uncommit_free_chunks: 1.
 - use_allocation_guard: 0.


Internal statistics:

num_allocs_failed_limit: 0.
num_arena_births: 108.
num_arena_deaths: 0.
num_vsnodes_births: 2.
num_vsnodes_deaths: 0.
num_space_committed: 90.
num_space_uncommitted: 0.
num_chunks_returned_to_freelist: 0.
num_chunks_taken_from_freelist: 192.
num_chunk_merges: 0.
num_chunk_splits: 117.
num_chunks_enlarged: 83.
num_inconsistent_stats: 0.

CodeHeap 'non-profiled nmethods': size=120000Kb used=509Kb max_used=509Kb free=119490Kb
 bounds [0x000002ae14560000, 0x000002ae147d0000, 0x000002ae1ba90000]
CodeHeap 'profiled nmethods': size=120000Kb used=1979Kb max_used=1979Kb free=118020Kb
 bounds [0x000002ae0ca90000, 0x000002ae0cd00000, 0x000002ae13fc0000]
CodeHeap 'non-nmethods': size=5760Kb used=1448Kb max_used=1499Kb free=4311Kb
 bounds [0x000002ae13fc0000, 0x000002ae14230000, 0x000002ae14560000]
 total_blobs=1754 nmethods=1271 adapters=394
 compilation: enabled
              stopped_count=0, restarted_count=0
 full_count=0

Compilation events (20 events):
Event: 1.653 Thread 0x000002ae2494c040 nmethod 1264 0x000002ae145d8e10 code [0x000002ae145d8f80, 0x000002ae145d9290]
Event: 1.655 Thread 0x000002ae24c90df0 1266       4       java.nio.HeapByteBuffer::<init> (31 bytes)
Event: 1.658 Thread 0x000002ae24c90df0 nmethod 1266 0x000002ae145d9410 code [0x000002ae145d9580, 0x000002ae145d99c8]
Event: 1.663 Thread 0x000002ae24c90df0 1267       4       java.nio.HeapByteBuffer::slice (49 bytes)
Event: 1.665 Thread 0x000002ae1fdcd630 1268       4       java.security.MessageDigestSpi::engineUpdate (141 bytes)
Event: 1.666 Thread 0x000002ae1fdce750 1269       3       java.util.concurrent.locks.AbstractQueuedSynchronizer::release (19 bytes)
Event: 1.666 Thread 0x000002ae1fdce750 nmethod 1269 0x000002ae0cc7e590 code [0x000002ae0cc7e780, 0x000002ae0cc7edc0]
Event: 1.667 Thread 0x000002ae2494c040 1271       4       sun.security.provider.DigestBase::engineUpdate (176 bytes)
Event: 1.667 Thread 0x000002ae24c90df0 nmethod 1267 0x000002ae145d9d10 code [0x000002ae145d9e80, 0x000002ae145da228]
Event: 1.667 Thread 0x000002ae24c90df0 1270       4       sun.security.provider.SHA2::implReset (20 bytes)
Event: 1.670 Thread 0x000002ae24c90df0 nmethod 1270 0x000002ae145da590 code [0x000002ae145da700, 0x000002ae145da900]
Event: 1.670 Thread 0x000002ae24c90df0 1272       4       java.nio.HeapByteBuffer::duplicate (36 bytes)
Event: 1.674 Thread 0x000002ae24c90df0 nmethod 1272 0x000002ae145daa90 code [0x000002ae145dac20, 0x000002ae145db0d0]
Event: 1.674 Thread 0x000002ae24c90df0 1273       4       sun.security.provider.DigestBase::engineReset (33 bytes)
Event: 1.680 Thread 0x000002ae2494c040 nmethod 1271 0x000002ae145db490 code [0x000002ae145db660, 0x000002ae145dbfe8]
Event: 1.680 Thread 0x000002ae24c90df0 nmethod 1273 0x000002ae145dc790 code [0x000002ae145dc900, 0x000002ae145dcc28]
Event: 1.680 Thread 0x000002ae1fdcd630 nmethod 1268 0x000002ae145dce90 code [0x000002ae145dd040, 0x000002ae145dd988]
Event: 1.680 Thread 0x000002ae2494c040 1275       4       com.android.apksig.internal.util.VerityTreeBuilder::saltedDigest (29 bytes)
Event: 1.680 Thread 0x000002ae24c90df0 1274       4       com.android.apksig.internal.util.VerityTreeBuilder::slice (28 bytes)
Event: 1.692 Thread 0x000002ae24c90df0 nmethod 1274 0x000002ae145de090 code [0x000002ae145de240, 0x000002ae145de9e8]

GC Heap History (19 events):
Event: 1.301 GC heap before
{Heap before GC invocations=0 (full 0):
 garbage-first heap   total 129024K, used 22528K [0x00000000c0000000, 0x0000000100000000)
  region size 1024K, 23 young (23552K), 0 survivors (0K)
 Metaspace       used 4250K, committed 4416K, reserved 1114112K
  class space    used 406K, committed 448K, reserved 1048576K
}
Event: 1.304 GC heap after
{Heap after GC invocations=1 (full 0):
 garbage-first heap   total 129024K, used 2048K [0x00000000c0000000, 0x0000000100000000)
  region size 1024K, 2 young (2048K), 2 survivors (2048K)
 Metaspace       used 4250K, committed 4416K, reserved 1114112K
  class space    used 406K, committed 448K, reserved 1048576K
}
Event: 1.417 GC heap before
{Heap before GC invocations=1 (full 0):
 garbage-first heap   total 129024K, used 77824K [0x00000000c0000000, 0x0000000100000000)
  region size 1024K, 22 young (22528K), 2 survivors (2048K)
 Metaspace       used 5223K, committed 5440K, reserved 1114112K
  class space    used 502K, committed 576K, reserved 1048576K
}
Event: 1.419 GC heap after
{Heap after GC invocations=2 (full 0):
 garbage-first heap   total 129024K, used 25209K [0x00000000c0000000, 0x0000000100000000)
  region size 1024K, 3 young (3072K), 3 survivors (3072K)
 Metaspace       used 5223K, committed 5440K, reserved 1114112K
  class space    used 502K, committed 576K, reserved 1048576K
}
Event: 1.436 GC heap before
{Heap before GC invocations=2 (full 0):
 garbage-first heap   total 129024K, used 60025K [0x00000000c0000000, 0x0000000100000000)
  region size 1024K, 5 young (5120K), 3 survivors (3072K)
 Metaspace       used 5224K, committed 5440K, reserved 1114112K
  class space    used 502K, committed 576K, reserved 1048576K
}
Event: 1.438 GC heap after
{Heap after GC invocations=3 (full 0):
 garbage-first heap   total 129024K, used 25305K [0x00000000c0000000, 0x0000000100000000)
  region size 1024K, 3 young (3072K), 3 survivors (3072K)
 Metaspace       used 5224K, committed 5440K, reserved 1114112K
  class space    used 502K, committed 576K, reserved 1048576K
}
Event: 1.452 GC heap before
{Heap before GC invocations=3 (full 0):
 garbage-first heap   total 129024K, used 61145K [0x00000000c0000000, 0x0000000100000000)
  region size 1024K, 5 young (5120K), 3 survivors (3072K)
 Metaspace       used 5224K, committed 5440K, reserved 1114112K
  class space    used 502K, committed 576K, reserved 1048576K
}
Event: 1.454 GC heap after
{Heap after GC invocations=4 (full 0):
 garbage-first heap   total 129024K, used 21062K [0x00000000c0000000, 0x0000000100000000)
  region size 1024K, 3 young (3072K), 3 survivors (3072K)
 Metaspace       used 5224K, committed 5440K, reserved 1114112K
  class space    used 502K, committed 576K, reserved 1048576K
}
Event: 1.473 GC heap before
{Heap before GC invocations=4 (full 0):
 garbage-first heap   total 129024K, used 62022K [0x00000000c0000000, 0x0000000100000000)
  region size 1024K, 6 young (6144K), 3 survivors (3072K)
 Metaspace       used 5225K, committed 5440K, reserved 1114112K
  class space    used 502K, committed 576K, reserved 1048576K
}
Event: 1.475 GC heap after
{Heap after GC invocations=5 (full 0):
 garbage-first heap   total 129024K, used 23076K [0x00000000c0000000, 0x0000000100000000)
  region size 1024K, 3 young (3072K), 3 survivors (3072K)
 Metaspace       used 5225K, committed 5440K, reserved 1114112K
  class space    used 502K, committed 576K, reserved 1048576K
}
Event: 1.514 GC heap before
{Heap before GC invocations=5 (full 0):
 garbage-first heap   total 129024K, used 63012K [0x00000000c0000000, 0x0000000100000000)
  region size 1024K, 8 young (8192K), 3 survivors (3072K)
 Metaspace       used 5332K, committed 5504K, reserved 1114112K
  class space    used 514K, committed 576K, reserved 1048576K
}
Event: 1.516 GC heap after
{Heap after GC invocations=6 (full 0):
 garbage-first heap   total 236544K, used 6777K [0x00000000c0000000, 0x0000000100000000)
  region size 1024K, 3 young (3072K), 3 survivors (3072K)
 Metaspace       used 5332K, committed 5504K, reserved 1114112K
  class space    used 514K, committed 576K, reserved 1048576K
}
Event: 1.518 GC heap before
{Heap before GC invocations=6 (full 0):
 garbage-first heap   total 236544K, used 12921K [0x00000000c0000000, 0x0000000100000000)
  region size 1024K, 5 young (5120K), 3 survivors (3072K)
 Metaspace       used 5332K, committed 5504K, reserved 1114112K
  class space    used 514K, committed 576K, reserved 1048576K
}
Event: 1.520 GC heap after
{Heap after GC invocations=7 (full 0):
 garbage-first heap   total 236544K, used 13043K [0x00000000c0000000, 0x0000000100000000)
  region size 1024K, 3 young (3072K), 3 survivors (3072K)
 Metaspace       used 5332K, committed 5504K, reserved 1114112K
  class space    used 514K, committed 576K, reserved 1048576K
}
Event: 1.571 GC heap before
{Heap before GC invocations=7 (full 0):
 garbage-first heap   total 236544K, used 110323K [0x00000000c0000000, 0x0000000100000000)
  region size 1024K, 6 young (6144K), 3 survivors (3072K)
 Metaspace       used 5336K, committed 5504K, reserved 1114112K
  class space    used 514K, committed 576K, reserved 1048576K
}
Event: 1.574 GC heap after
{Heap after GC invocations=8 (full 0):
 garbage-first heap   total 236544K, used 19126K [0x00000000c0000000, 0x0000000100000000)
  region size 1024K, 3 young (3072K), 3 survivors (3072K)
 Metaspace       used 5336K, committed 5504K, reserved 1114112K
  class space    used 514K, committed 576K, reserved 1048576K
}
Event: 1.613 GC heap before
{Heap before GC invocations=8 (full 0):
 garbage-first heap   total 236544K, used 111286K [0x00000000c0000000, 0x0000000100000000)
  region size 1024K, 6 young (6144K), 3 survivors (3072K)
 Metaspace       used 5336K, committed 5504K, reserved 1114112K
  class space    used 514K, committed 576K, reserved 1048576K
}
Event: 1.615 GC heap after
{Heap after GC invocations=9 (full 0):
 garbage-first heap   total 236544K, used 21116K [0x00000000c0000000, 0x0000000100000000)
  region size 1024K, 3 young (3072K), 3 survivors (3072K)
 Metaspace       used 5336K, committed 5504K, reserved 1114112K
  class space    used 514K, committed 576K, reserved 1048576K
}
Event: 1.702 GC heap before
{Heap before GC invocations=9 (full 0):
 garbage-first heap   total 236544K, used 112252K [0x00000000c0000000, 0x0000000100000000)
  region size 1024K, 10 young (10240K), 3 survivors (3072K)
 Metaspace       used 5519K, committed 5760K, reserved 1114112K
  class space    used 538K, committed 640K, reserved 1048576K
}

Dll operation events (7 events):
Event: 0.006 Loaded shared library C:\Program Files\Java\jdk-20\bin\java.dll
Event: 0.013 Loaded shared library C:\Program Files\Java\jdk-20\bin\jsvml.dll
Event: 0.039 Loaded shared library C:\Program Files\Java\jdk-20\bin\net.dll
Event: 0.040 Loaded shared library C:\Program Files\Java\jdk-20\bin\nio.dll
Event: 0.050 Loaded shared library C:\Program Files\Java\jdk-20\bin\zip.dll
Event: 0.078 Loaded shared library C:\Program Files\Java\jdk-20\bin\jimage.dll
Event: 0.122 Loaded shared library C:\Program Files\Java\jdk-20\bin\sunmscapi.dll

Deoptimization events (20 events):
Event: 1.510 Thread 0x000002ae049c9ae0 Uncommon trap: trap_request=0xffffffbe fr.pc=0x000002ae145cf4b0 relative=0x0000000000000670
Event: 1.510 Thread 0x000002ae049c9ae0 Uncommon trap: reason=profile_predicate action=maybe_recompile pc=0x000002ae145cf4b0 method=java.math.BigInteger.montReduce([I[III)[I @ 9 c2
Event: 1.510 Thread 0x000002ae049c9ae0 DEOPT PACKING pc=0x000002ae145cf4b0 sp=0x000000f38bbfe900
Event: 1.510 Thread 0x000002ae049c9ae0 DEOPT UNPACKING pc=0x000002ae14029d22 sp=0x000000f38bbfe8d0 mode 2
Event: 1.510 Thread 0x000002ae049c9ae0 Uncommon trap: trap_request=0xffffffbe fr.pc=0x000002ae145cf4b0 relative=0x0000000000000670
Event: 1.510 Thread 0x000002ae049c9ae0 Uncommon trap: reason=profile_predicate action=maybe_recompile pc=0x000002ae145cf4b0 method=java.math.BigInteger.montReduce([I[III)[I @ 9 c2
Event: 1.510 Thread 0x000002ae049c9ae0 DEOPT PACKING pc=0x000002ae145cf4b0 sp=0x000000f38bbfe900
Event: 1.510 Thread 0x000002ae049c9ae0 DEOPT UNPACKING pc=0x000002ae14029d22 sp=0x000000f38bbfe8d0 mode 2
Event: 1.511 Thread 0x000002ae049c9ae0 DEOPT PACKING pc=0x000002ae0cc1bafc sp=0x000000f38bbfe8d0
Event: 1.511 Thread 0x000002ae049c9ae0 DEOPT UNPACKING pc=0x000002ae1402a4c2 sp=0x000000f38bbfdd50 mode 0
Event: 1.511 Thread 0x000002ae049c9ae0 DEOPT PACKING pc=0x000002ae0cc1bafc sp=0x000000f38bbfe7d0
Event: 1.511 Thread 0x000002ae049c9ae0 DEOPT UNPACKING pc=0x000002ae1402a4c2 sp=0x000000f38bbfdc50 mode 0
Event: 1.632 Thread 0x000002ae049c9ae0 Uncommon trap: trap_request=0xffffff45 fr.pc=0x000002ae145c9a24 relative=0x00000000000000a4
Event: 1.632 Thread 0x000002ae049c9ae0 Uncommon trap: reason=unstable_if action=reinterpret pc=0x000002ae145c9a24 method=jdk.internal.misc.Unsafe.getLongUnaligned(Ljava/lang/Object;J)J @ 7 c2
Event: 1.632 Thread 0x000002ae049c9ae0 DEOPT PACKING pc=0x000002ae145c9a24 sp=0x000000f38bbfec90
Event: 1.632 Thread 0x000002ae049c9ae0 DEOPT UNPACKING pc=0x000002ae14029d22 sp=0x000000f38bbfec40 mode 2
Event: 1.642 Thread 0x000002ae24e6c1b0 Uncommon trap: trap_request=0xffffff45 fr.pc=0x000002ae145a667c relative=0x00000000000002dc
Event: 1.642 Thread 0x000002ae24e6c1b0 Uncommon trap: reason=unstable_if action=reinterpret pc=0x000002ae145a667c method=sun.security.provider.DigestBase.engineReset()V @ 6 c2
Event: 1.642 Thread 0x000002ae24e6c1b0 DEOPT PACKING pc=0x000002ae145a667c sp=0x000000f38d4ff230
Event: 1.642 Thread 0x000002ae24e6c1b0 DEOPT UNPACKING pc=0x000002ae14029d22 sp=0x000000f38d4ff200 mode 2

Classes loaded (20 events):
Event: 1.624 Loading class java/util/stream/ReferencePipeline$4
Event: 1.624 Loading class java/util/stream/ReferencePipeline$4 done
Event: 1.624 Loading class java/util/function/IntBinaryOperator
Event: 1.624 Loading class java/util/function/IntBinaryOperator done
Event: 1.625 Loading class java/util/stream/ReduceOps$6
Event: 1.625 Loading class java/util/stream/ReduceOps$6 done
Event: 1.625 Loading class java/util/stream/ReduceOps$5ReducingSink
Event: 1.625 Loading class java/util/stream/ReduceOps$5ReducingSink done
Event: 1.625 Loading class java/util/stream/ReferencePipeline$4$1
Event: 1.625 Loading class java/util/stream/ReferencePipeline$4$1 done
Event: 1.631 Loading class java/util/ArrayList$ListItr
Event: 1.631 Loading class java/util/ArrayList$ListItr done
Event: 1.633 Loading class java/lang/SecurityException
Event: 1.633 Loading class java/lang/SecurityException done
Event: 1.636 Loading class java/lang/CloneNotSupportedException
Event: 1.636 Loading class java/lang/CloneNotSupportedException done
Event: 1.640 Loading class java/lang/invoke/DirectMethodHandle$Special
Event: 1.641 Loading class java/lang/invoke/DirectMethodHandle$Special done
Event: 1.651 Loading class java/lang/foreign/MemorySegment
Event: 1.651 Loading class java/lang/foreign/MemorySegment done

Classes unloaded (0 events):
No events

Classes redefined (0 events):
No events

Internal exceptions (20 events):
Event: 0.089 Thread 0x000002ae049c9ae0 Exception <a 'java/lang/NoSuchMethodError'{0x00000000c7a2baa0}: 'int java.lang.invoke.DirectMethodHandle$Holder.invokeSpecial(java.lang.Object, java.lang.Object, java.lang.Object)'> (0x00000000c7a2baa0) 
thrown [s\open\src\hotspot\share\interpreter\linkResolver.cpp, line 773]
Event: 0.091 Thread 0x000002ae049c9ae0 Exception <a 'java/lang/NoSuchMethodError'{0x00000000c7a3d7c0}: 'java.lang.Object java.lang.invoke.Invokers$Holder.invokeExact_MT(java.lang.Object, java.lang.Object, java.lang.Object, java.lang.Object, java.lang.Object)'> (0x00000000c7a3d7c0) 
thrown [s\open\src\hotspot\share\interpreter\linkResolver.cpp, line 773]
Event: 0.137 Thread 0x000002ae049c9ae0 Exception <a 'sun/nio/fs/WindowsException'{0x00000000c79cffc0}> (0x00000000c79cffc0) 
thrown [s\open\src\hotspot\share\prims\jni.cpp, line 519]
Event: 0.149 Thread 0x000002ae049c9ae0 Exception <a 'java/lang/NoSuchMethodError'{0x00000000c79f18a8}: 'void java.lang.invoke.DirectMethodHandle$Holder.invokeStatic(java.lang.Object, java.lang.Object)'> (0x00000000c79f18a8) 
thrown [s\open\src\hotspot\share\interpreter\linkResolver.cpp, line 773]
Event: 0.153 Thread 0x000002ae049c9ae0 Exception <a 'java/lang/NoSuchMethodError'{0x00000000c78020b0}: 'java.lang.Object java.lang.invoke.DirectMethodHandle$Holder.invokeStaticInit(java.lang.Object, int, int, int, int)'> (0x00000000c78020b0) 
thrown [s\open\src\hotspot\share\interpreter\linkResolver.cpp, line 773]
Event: 0.204 Thread 0x000002ae049c9ae0 Exception <a 'java/lang/NoSuchMethodError'{0x00000000c7887048}: 'void java.lang.invoke.DirectMethodHandle$Holder.invokeStatic(java.lang.Object, java.lang.Object, java.lang.Object)'> (0x00000000c7887048) 
thrown [s\open\src\hotspot\share\interpreter\linkResolver.cpp, line 773]
Event: 0.205 Thread 0x000002ae049c9ae0 Exception <a 'java/lang/NoSuchMethodError'{0x00000000c788d390}: 'void java.lang.invoke.DirectMethodHandle$Holder.invokeVirtual(java.lang.Object, java.lang.Object)'> (0x00000000c788d390) 
thrown [s\open\src\hotspot\share\interpreter\linkResolver.cpp, line 773]
Event: 0.218 Thread 0x000002ae049c9ae0 Implicit null exception at 0x000002ae14587ee7 to 0x000002ae14588740
Event: 0.233 Thread 0x000002ae049c9ae0 Exception <a 'java/lang/NoSuchMethodError'{0x00000000c77902b0}: 'java.lang.Object java.lang.invoke.DirectMethodHandle$Holder.newInvokeSpecial(java.lang.Object, java.lang.Object, java.lang.Object, java.lang.Object, java.lang.Object, java.lang.Object, java.lang.Object, int)'> (0x00000000c77902b0) 
thrown [s\open\src\hotspot\share\interpreter\linkResolver.cpp, line 773]
Event: 0.233 Thread 0x000002ae049c9ae0 Exception <a 'java/lang/NoSuchMethodError'{0x00000000c77948b8}: 'java.lang.Object java.lang.invoke.DirectMethodHandle$Holder.invokeSpecial(java.lang.Object, java.lang.Object, java.lang.Object, java.lang.Object, java.lang.Object, java.lang.Object, java.lang.Object, java.lang.Object, int)'> (0x00000000c77948b8) 
thrown [s\open\src\hotspot\share\interpreter\linkResolver.cpp, line 773]
Event: 0.234 Thread 0x000002ae049c9ae0 Exception <a 'java/lang/NoSuchMethodError'{0x00000000c7798620}: 'java.lang.Object java.lang.invoke.Invokers$Holder.linkToTargetMethod(java.lang.Object, java.lang.Object, java.lang.Object, java.lang.Object, java.lang.Object, java.lang.Object, int, java.lang.Object)'> (0x00000000c7798620) 
thrown [s\open\src\hotspot\share\interpreter\linkResolver.cpp, line 773]
Event: 0.313 Thread 0x000002ae049c9ae0 Exception <a 'java/lang/NoSuchMethodError'{0x00000000c763d290}: 'java.lang.Object java.lang.invoke.DirectMethodHandle$Holder.invokeStaticInit(java.lang.Object, java.lang.Object, int, int, int, int)'> (0x00000000c763d290) 
thrown [s\open\src\hotspot\share\interpreter\linkResolver.cpp, line 773]
Event: 0.314 Thread 0x000002ae049c9ae0 Implicit null exception at 0x000002ae1458e080 to 0x000002ae1458e1b8
Event: 0.336 Thread 0x000002ae049c9ae0 Exception <a 'java/lang/NoSuchMethodError'{0x00000000c754c230}: 'void java.lang.invoke.DirectMethodHandle$Holder.invokeStaticInit(java.lang.Object, java.lang.Object)'> (0x00000000c754c230) 
thrown [s\open\src\hotspot\share\interpreter\linkResolver.cpp, line 773]
Event: 1.334 Thread 0x000002ae049c9ae0 Implicit null exception at 0x000002ae145a3494 to 0x000002ae145a3a48
Event: 1.372 Thread 0x000002ae049c9ae0 Exception <a 'java/lang/NoSuchMethodError'{0x00000000c6c3e740}: 'int java.lang.invoke.Invokers$Holder.invokeExact_MT(java.lang.Object, java.lang.Object, java.lang.Object)'> (0x00000000c6c3e740) 
thrown [s\open\src\hotspot\share\interpreter\linkResolver.cpp, line 773]
Event: 1.384 Thread 0x000002ae049c9ae0 Exception <a 'java/lang/NoSuchMethodError'{0x00000000c6b3ef48}: 'long java.lang.invoke.DirectMethodHandle$Holder.invokeStatic(java.lang.Object, java.lang.Object)'> (0x00000000c6b3ef48) 
thrown [s\open\src\hotspot\share\interpreter\linkResolver.cpp, line 773]
Event: 1.400 Thread 0x000002ae252bef90 Implicit null exception at 0x000002ae14594e97 to 0x000002ae145959f8
Event: 1.499 Thread 0x000002ae049c9ae0 Exception <a 'java/lang/NoSuchMethodError'{0x00000000c7be8410}: 'void java.lang.invoke.Invokers$Holder.invokeExact_MT(java.lang.Object, java.lang.Object, java.lang.Object, java.lang.Object)'> (0x00000000c7be8410) 
thrown [s\open\src\hotspot\share\interpreter\linkResolver.cpp, line 773]
Event: 1.641 Thread 0x000002ae049c9ae0 Exception <a 'java/lang/NoSuchMethodError'{0x00000000ce050788}: 'java.lang.Object java.lang.invoke.DirectMethodHandle$Holder.invokeSpecial(java.lang.Object, java.lang.Object, java.lang.Object, java.lang.Object, int, java.lang.Object, java.lang.Object)'> (0x00000000ce050788) 
thrown [s\open\src\hotspot\share\interpreter\linkResolver.cpp, line 773]

VM Operations (20 events):
Event: 1.420 Executing VM operation: G1TryInitiateConcMark done
Event: 1.435 Executing VM operation: G1TryInitiateConcMark
Event: 1.438 Executing VM operation: G1TryInitiateConcMark done
Event: 1.452 Executing VM operation: G1TryInitiateConcMark
Event: 1.454 Executing VM operation: G1TryInitiateConcMark done
Event: 1.473 Executing VM operation: G1TryInitiateConcMark
Event: 1.475 Executing VM operation: G1TryInitiateConcMark done
Event: 1.513 Executing VM operation: G1TryInitiateConcMark
Event: 1.516 Executing VM operation: G1TryInitiateConcMark done
Event: 1.516 Executing VM operation: G1TryInitiateConcMark
Event: 1.516 Executing VM operation: G1TryInitiateConcMark done
Event: 1.517 Executing VM operation: G1TryInitiateConcMark
Event: 1.520 Executing VM operation: G1TryInitiateConcMark done
Event: 1.571 Executing VM operation: G1TryInitiateConcMark
Event: 1.574 Executing VM operation: G1TryInitiateConcMark done
Event: 1.613 Executing VM operation: G1TryInitiateConcMark
Event: 1.616 Executing VM operation: G1TryInitiateConcMark done
Event: 1.631 Executing VM operation: HandshakeAllThreads
Event: 1.631 Executing VM operation: HandshakeAllThreads done
Event: 1.702 Executing VM operation: G1TryInitiateConcMark

Events (20 events):
Event: 1.513 Thread 0x000002ae24e6b710 Thread added: 0x000002ae24e6b710
Event: 1.513 Thread 0x000002ae24e6c1b0 Thread added: 0x000002ae24e6c1b0
Event: 1.513 Thread 0x000002ae24e691e0 Thread added: 0x000002ae24e691e0
Event: 1.517 Thread 0x000002ae24e6a1d0 Thread added: 0x000002ae24e6a1d0
Event: 1.623 Thread 0x000002ae24e6ac70 Thread exited: 0x000002ae24e6ac70
Event: 1.623 Thread 0x000002ae24e6c700 Thread exited: 0x000002ae24e6c700
Event: 1.623 Thread 0x000002ae24e6c1b0 Thread exited: 0x000002ae24e6c1b0
Event: 1.623 Thread 0x000002ae24e691e0 Thread exited: 0x000002ae24e691e0
Event: 1.623 Thread 0x000002ae24e6b710 Thread exited: 0x000002ae24e6b710
Event: 1.623 Thread 0x000002ae24e6b1c0 Thread exited: 0x000002ae24e6b1c0
Event: 1.623 Thread 0x000002ae24e6a720 Thread exited: 0x000002ae24e6a720
Event: 1.623 Thread 0x000002ae24e6a1d0 Thread exited: 0x000002ae24e6a1d0
Event: 1.642 Thread 0x000002ae24e6c1b0 Thread added: 0x000002ae24e6c1b0
Event: 1.645 Thread 0x000002ae24e691e0 Thread added: 0x000002ae24e691e0
Event: 1.648 Thread 0x000002ae24e6c700 Thread added: 0x000002ae24e6c700
Event: 1.652 Thread 0x000002ae24e69730 Thread added: 0x000002ae24e69730
Event: 1.655 Thread 0x000002ae24e69c80 Thread added: 0x000002ae24e69c80
Event: 1.660 Thread 0x000002ae24e6bc60 Thread added: 0x000002ae24e6bc60
Event: 1.664 Thread 0x000002ae24e6a1d0 Thread added: 0x000002ae24e6a1d0
Event: 1.668 Thread 0x000002ae24e6ac70 Thread added: 0x000002ae24e6ac70


Dynamic libraries:
0x00007ff78acf0000 - 0x00007ff78ad00000 	C:\Program Files\Java\jdk-20\bin\java.exe
0x00007ffc3c510000 - 0x00007ffc3c707000 	C:\WINDOWS\SYSTEM32\ntdll.dll
0x00007ffc3b320000 - 0x00007ffc3b3dd000 	C:\WINDOWS\System32\KERNEL32.DLL
0x00007ffc39d10000 - 0x00007ffc3a006000 	C:\WINDOWS\System32\KERNELBASE.dll
0x00007ffc3a0c0000 - 0x00007ffc3a1c0000 	C:\WINDOWS\System32\ucrtbase.dll
0x00007ffc0e320000 - 0x00007ffc0e339000 	C:\Program Files\Java\jdk-20\bin\jli.dll
0x00007ffc1a1e0000 - 0x00007ffc1a1fb000 	C:\Program Files\Java\jdk-20\bin\VCRUNTIME140.dll
0x00007ffc3bb50000 - 0x00007ffc3bbfe000 	C:\WINDOWS\System32\ADVAPI32.dll
0x00007ffc3acc0000 - 0x00007ffc3ad5e000 	C:\WINDOWS\System32\msvcrt.dll
0x00007ffc3b280000 - 0x00007ffc3b31c000 	C:\WINDOWS\System32\sechost.dll
0x00007ffc3b3e0000 - 0x00007ffc3b506000 	C:\WINDOWS\System32\RPCRT4.dll
0x00007ffc3bc00000 - 0x00007ffc3bd9e000 	C:\WINDOWS\System32\USER32.dll
0x00007ffc3a010000 - 0x00007ffc3a032000 	C:\WINDOWS\System32\win32u.dll
0x00007ffc3bb20000 - 0x00007ffc3bb4c000 	C:\WINDOWS\System32\GDI32.dll
0x00007ffc1fc50000 - 0x00007ffc1feea000 	C:\WINDOWS\WinSxS\amd64_microsoft.windows.common-controls_6595b64144ccf1df_6.0.19041.3570_none_60bb2a3971f3e41a\COMCTL32.dll
0x00007ffc39bf0000 - 0x00007ffc39d0a000 	C:\WINDOWS\System32\gdi32full.dll
0x00007ffc3a460000 - 0x00007ffc3a4fd000 	C:\WINDOWS\System32\msvcp_win.dll
0x00007ffc30990000 - 0x00007ffc3099a000 	C:\WINDOWS\SYSTEM32\VERSION.dll
0x00007ffc3be50000 - 0x00007ffc3be80000 	C:\WINDOWS\System32\IMM32.DLL
0x00007ffc1a230000 - 0x00007ffc1a23c000 	C:\Program Files\Java\jdk-20\bin\vcruntime140_1.dll
0x00007ffc0e080000 - 0x00007ffc0e10e000 	C:\Program Files\Java\jdk-20\bin\msvcp140.dll
0x00007ffbc5600000 - 0x00007ffbc6297000 	C:\Program Files\Java\jdk-20\bin\server\jvm.dll
0x00007ffc20640000 - 0x00007ffc20667000 	C:\WINDOWS\SYSTEM32\WINMM.dll
0x00007ffc35800000 - 0x00007ffc35809000 	C:\WINDOWS\SYSTEM32\WSOCK32.dll
0x00007ffc3c400000 - 0x00007ffc3c46b000 	C:\WINDOWS\System32\WS2_32.dll
0x00007ffc38420000 - 0x00007ffc38432000 	C:\WINDOWS\SYSTEM32\kernel.appcore.dll
0x00007ffc1a1d0000 - 0x00007ffc1a1da000 	C:\Program Files\Java\jdk-20\bin\jimage.dll
0x00007ffc37960000 - 0x00007ffc37b44000 	C:\WINDOWS\SYSTEM32\DBGHELP.DLL
0x00007ffc19960000 - 0x00007ffc19994000 	C:\WINDOWS\SYSTEM32\dbgcore.DLL
0x00007ffc3a3d0000 - 0x00007ffc3a452000 	C:\WINDOWS\System32\bcryptPrimitives.dll
0x00007ffc0e050000 - 0x00007ffc0e076000 	C:\Program Files\Java\jdk-20\bin\java.dll
0x00007ffbce970000 - 0x00007ffbcea47000 	C:\Program Files\Java\jdk-20\bin\jsvml.dll
0x00007ffc3a570000 - 0x00007ffc3acb4000 	C:\WINDOWS\System32\SHELL32.dll
0x00007ffc37c70000 - 0x00007ffc3840b000 	C:\WINDOWS\SYSTEM32\windows.storage.dll
0x00007ffc3ad60000 - 0x00007ffc3b0b4000 	C:\WINDOWS\System32\combase.dll
0x00007ffc39630000 - 0x00007ffc3965d000 	C:\WINDOWS\SYSTEM32\Wldp.dll
0x00007ffc3c1c0000 - 0x00007ffc3c26d000 	C:\WINDOWS\System32\SHCORE.dll
0x00007ffc3c470000 - 0x00007ffc3c4c5000 	C:\WINDOWS\System32\shlwapi.dll
0x00007ffc39b20000 - 0x00007ffc39b45000 	C:\WINDOWS\SYSTEM32\profapi.dll
0x00007ffc0e1d0000 - 0x00007ffc0e1e3000 	C:\Program Files\Java\jdk-20\bin\net.dll
0x00007ffc33f30000 - 0x00007ffc3403a000 	C:\WINDOWS\SYSTEM32\WINHTTP.dll
0x00007ffc39390000 - 0x00007ffc393fa000 	C:\WINDOWS\system32\mswsock.dll
0x00007ffc0e030000 - 0x00007ffc0e046000 	C:\Program Files\Java\jdk-20\bin\nio.dll
0x00007ffc0df80000 - 0x00007ffc0df98000 	C:\Program Files\Java\jdk-20\bin\zip.dll
0x00007ffc19820000 - 0x00007ffc1982e000 	C:\Program Files\Java\jdk-20\bin\sunmscapi.dll
0x00007ffc3a270000 - 0x00007ffc3a3cd000 	C:\WINDOWS\System32\CRYPT32.dll
0x00007ffc396a0000 - 0x00007ffc396c7000 	C:\WINDOWS\SYSTEM32\ncrypt.dll
0x00007ffc39660000 - 0x00007ffc3969b000 	C:\WINDOWS\SYSTEM32\NTASN1.dll
0x00007ffc39580000 - 0x00007ffc39598000 	C:\WINDOWS\SYSTEM32\CRYPTSP.dll
0x00007ffc38c30000 - 0x00007ffc38c64000 	C:\WINDOWS\system32\rsaenh.dll
0x00007ffc3a090000 - 0x00007ffc3a0b7000 	C:\WINDOWS\System32\bcrypt.dll
0x00007ffc39aa0000 - 0x00007ffc39ace000 	C:\WINDOWS\SYSTEM32\USERENV.dll
0x00007ffc395a0000 - 0x00007ffc395ac000 	C:\WINDOWS\SYSTEM32\CRYPTBASE.dll
0x00007ffc39030000 - 0x00007ffc3906b000 	C:\WINDOWS\SYSTEM32\IPHLPAPI.DLL
0x00007ffc3ba80000 - 0x00007ffc3ba88000 	C:\WINDOWS\System32\NSI.dll
0x00007ffc32360000 - 0x00007ffc32377000 	C:\WINDOWS\SYSTEM32\dhcpcsvc6.DLL
0x00007ffc32380000 - 0x00007ffc3239d000 	C:\WINDOWS\SYSTEM32\dhcpcsvc.DLL
0x00007ffc39070000 - 0x00007ffc3913a000 	C:\WINDOWS\SYSTEM32\DNSAPI.dll

dbghelp: loaded successfully - version: 4.0.5 - missing functions: none
symbol engine: initialized successfully - sym options: 0x614 - pdb path: .;C:\Program Files\Java\jdk-20\bin;C:\WINDOWS\SYSTEM32;C:\WINDOWS\WinSxS\amd64_microsoft.windows.common-controls_6595b64144ccf1df_6.0.19041.3570_none_60bb2a3971f3e41a;C:\Program Files\Java\jdk-20\bin\server

VM Arguments:
jvm_args: -Xmx1024M -Xss1m 
java_command: C:\Users\91850\AppData\Local\Android\Sdk\build-tools\34.0.0\lib\apksigner.jar sign --verbose --ks C:/Program Files/Java/jdk-20/bin/debug.keystore --ks-pass pass:android --ks-key-alias androiddebugkey D:/GodotProjects/Android/GDC Shooter 2D.apk
java_class_path (initial): C:\Users\91850\AppData\Local\Android\Sdk\build-tools\34.0.0\lib\apksigner.jar
Launcher Type: SUN_STANDARD

[Global flags]
     intx CICompilerCount                          = 4                                         {product} {ergonomic}
     uint ConcGCThreads                            = 2                                         {product} {ergonomic}
     uint G1ConcRefinementThreads                  = 8                                         {product} {ergonomic}
   size_t G1HeapRegionSize                         = 1048576                                   {product} {ergonomic}
    uintx GCDrainStackTargetSize                   = 64                                        {product} {ergonomic}
   size_t InitialHeapSize                          = 132120576                                 {product} {ergonomic}
   size_t MarkStackSize                            = 4194304                                   {product} {ergonomic}
   size_t MaxHeapSize                              = 1073741824                                {product} {command line}
   size_t MaxNewSize                               = 643825664                                 {product} {ergonomic}
   size_t MinHeapDeltaBytes                        = 1048576                                   {product} {ergonomic}
   size_t MinHeapSize                              = 8388608                                   {product} {ergonomic}
    uintx NonNMethodCodeHeapSize                   = 5839372                                {pd product} {ergonomic}
    uintx NonProfiledCodeHeapSize                  = 122909434                              {pd product} {ergonomic}
    uintx ProfiledCodeHeapSize                     = 122909434                              {pd product} {ergonomic}
    uintx ReservedCodeCacheSize                    = 251658240                              {pd product} {ergonomic}
     bool SegmentedCodeCache                       = true                                      {product} {ergonomic}
   size_t SoftMaxHeapSize                          = 1073741824                             {manageable} {ergonomic}
     intx ThreadStackSize                          = 1024                                   {pd product} {command line}
     bool UseCompressedClassPointers               = true                           {product lp64_product} {ergonomic}
     bool UseCompressedOops                        = true                           {product lp64_product} {ergonomic}
     bool UseG1GC                                  = true                                      {product} {ergonomic}
     bool UseLargePagesIndividualAllocation        = false                                  {pd product} {ergonomic}

Logging:
Log output configuration:
 #0: stdout all=warning uptime,level,tags foldmultilines=false
 #1: stderr all=off uptime,level,tags foldmultilines=false

Environment Variables:
PATH=C:\Program Files\Common Files\Oracle\Java\javapath;C:\Windows\system32;C:\Windows;C:\Windows\System32\Wbem;C:\Windows\System32\WindowsPowerShell\v1.0\;C:\Windows\System32\OpenSSH\;C:\Program Files (x86)\NVIDIA Corporation\PhysX\Common;C:\Program Files\NVIDIA Corporation\NVIDIA NvDLISR;C:\WINDOWS\system32;C:\WINDOWS;C:\WINDOWS\System32\Wbem;C:\WINDOWS\System32\WindowsPowerShell\v1.0\;C:\WINDOWS\System32\OpenSSH\;C:\Program Files\Git\cmd;C:\Users\91850\AppData\Local\Microsoft\WindowsApps;
USERNAME=91850
OS=Windows_NT
PROCESSOR_IDENTIFIER=Intel64 Family 6 Model 165 Stepping 2, GenuineIntel
TMP=C:\Users\91850\AppData\Local\Temp
TEMP=C:\Users\91850\AppData\Local\Temp




---------------  S Y S T E M  ---------------

OS:
 Windows 10 , 64 bit Build 19041 (10.0.19041.3570)
OS uptime: 0 days 4:32 hours

CPU: total 8 (initial active 8) (4 cores per cpu, 2 threads per core) family 6 model 165 stepping 2 microcode 0xf8, cx8, cmov, fxsr, ht, mmx, 3dnowpref, sse, sse2, sse3, ssse3, sse4.1, sse4.2, popcnt, lzcnt, tsc, tscinvbit, avx, avx2, aes, erms, clmul, bmi1, bmi2, adx, fma, vzeroupper, clflush, clflushopt, rdtscp, f16c, pku

Memory: 4k page, system-wide physical 7967M (1595M free)
TotalPageFile size 9858M (AvailPageFile size 53M)
current process WorkingSet (physical memory assigned to process): 189M, peak: 200M
current process commit charge ("private bytes"): 347M, peak: 541M

vm_info: Java HotSpot(TM) 64-Bit Server VM (20.0.1+9-29) for windows-amd64 JRE (20.0.1+9-29), built on 2023-03-07T13:56:11Z by "mach5one" with MS VC++ 17.1 (VS2022)

END.
